# Домашнее задание к занятию "`SQL. Часть 2`" - `Сухопалов Дмитрий Николаевич`


### Инструкция по выполнению домашнего задания

   1. Сделайте `fork` данного репозитория к себе в Github и переименуйте его по названию или номеру занятия, например, https://github.com/имя-вашего-репозитория/git-hw или  https://github.com/имя-вашего-репозитория/7-1-ansible-hw).
   2. Выполните клонирование данного репозитория к себе на ПК с помощью команды `git clone`.
   3. Выполните домашнее задание и заполните у себя локально этот файл README.md:
      - впишите вверху название занятия и вашу фамилию и имя
      - в каждом задании добавьте решение в требуемом виде (текст/код/скриншоты/ссылка)
      - для корректного добавления скриншотов воспользуйтесь [инструкцией "Как вставить скриншот в шаблон с решением](https://github.com/netology-code/sys-pattern-homework/blob/main/screen-instruction.md)
      - при оформлении используйте возможности языка разметки md (коротко об этом можно посмотреть в [инструкции  по MarkDown](https://github.com/netology-code/sys-pattern-homework/blob/main/md-instruction.md))
   4. После завершения работы над домашним заданием сделайте коммит (`git commit -m "comment"`) и отправьте его на Github (`git push origin`);
   5. Для проверки домашнего задания преподавателем в личном кабинете прикрепите и отправьте ссылку на решение в виде md-файла в вашем Github.
   6. Любые вопросы по выполнению заданий спрашивайте в чате учебной группы и/или в разделе “Вопросы по заданию” в личном кабинете.
   
Желаем успехов в выполнении домашнего задания!
   
### Дополнительные материалы, которые могут быть полезны для выполнения задания

1. [Руководство по оформлению Markdown файлов](https://gist.github.com/Jekins/2bf2d0638163f1294637#Code)

---

### Задание 1

![Команда](https://github.com/PL4NTEXZ/hw_sdn/blob/main/img/sdb-12-05/1.1.jpg)


```
SELECT 
    SUM(data_length) / 1024 / 1024 AS total_data_size_mb,
    SUM(index_length) / 1024 / 1024 AS total_index_size_mb,
    ROUND((SUM(index_length) / SUM(data_length + index_length)) * 100, 2) AS index_to_table_ratio_percent
FROM 
    information_schema.tables
WHERE 
    table_schema = 'sakila';
```

---

### Задание 2




![Команда](https://github.com/PL4NTEXZ/hw_sdn/blob/main/img/sdb-12-05/2.1.jpg)

Выявленные узкие места:

    1. Использование date(p.payment_date) препятствует использованию индексов
    2. Неявные соединения через WHERE вместо явных JOIN
    3. Оконная функция с избыточным партиционированием по film.title
    4. Отсутствие условия связи между film и другими таблицами (кросс-соединение)
    5. DISTINCT для устранения дубликатов, вызванных неправильным соединением

Оптимизированный запрос:
```
CREATE INDEX idx_payment_date ON payment(payment_date);
EXPLAIN ANALYZE
SELECT 
    CONCAT(c.last_name, ' ', c.first_name) AS customer_name,
    SUM(p.amount) AS total_payment
FROM 
    payment p
    JOIN rental r ON p.rental_id = r.rental_id
    JOIN customer c ON r.customer_id = c.customer_id
    JOIN inventory i ON r.inventory_id = i.inventory_id
WHERE 
    p.payment_date >= '2005-07-30' 
    AND p.payment_date < '2005-07-31'
GROUP BY 
    c.customer_id, c.last_name, c.first_name;
```

Значение:
```
-> Table scan on <temporary>  (actual time=7.41..7.49 rows=391 loops=1)
    -> Aggregate using temporary table  (actual time=7.41..7.41 rows=391 loops=1)
        -> Nested loop inner join  (cost=951 rows=634) (actual time=0.848..5.9 rows=634 loops=1)
            -> Nested loop inner join  (cost=729 rows=634) (actual time=0.844..5.02 rows=634 loops=1)
                -> Nested loop inner join  (cost=507 rows=634) (actual time=0.84..4.04 rows=634 loops=1)
                    -> Filter: (p.rental_id is not null)  (cost=286 rows=634) (actual time=0.831..3.01 rows=634 loops=1)
                        -> Index range scan on p using idx_payment_date over ('2005-07-30 00:00:00' <= payment_date < '2005-07-31 00:00:00'), with index condition: ((p.payment_date >= TIMESTAMP'2005-07-30 00:00:00') and (p.payment_date < TIMESTAMP'2005-07-31 00:00:00'))  (cost=286 rows=634) (actual time=0.83..2.93 rows=634 loops=1)
                    -> Single-row index lookup on r using PRIMARY (rental_id=p.rental_id)  (cost=0.25 rows=1) (actual time=0.00135..0.00139 rows=1 loops=634)
                -> Single-row index lookup on c using PRIMARY (customer_id=r.customer_id)  (cost=0.25 rows=1) (actual time=0.00129..0.00133 rows=1 loops=634)
            -> Single-row covering index lookup on i using PRIMARY (inventory_id=r.inventory_id)  (cost=0.25 rows=1) (actual time=0.00111..0.00115 rows=1 loops=634)

```
---
